{"name":"beforeClass","status":"broken","statusDetails":{"known":false,"muted":false,"flaky":false,"message":"The local appium server has not been started. The given Node.js executable: /usr/local/bin/node Arguments: [/Applications/AppiumServerGUI.app/Contents/Resources/app/node_modules/appium/lib/main.js, --port, 4727, --address, 0.0.0.0, --log, /Users/aswinikumar/Documents/adTechQA_AndroidAutomation/AppiumLog.txt] \nProcess output: /Applications/AppiumServerGUI.app/Contents/Resources/app/node_modules/appium/lib/main.js:4\nimport { init as logsinkInit, clear as logsinkClear } from './logsink';\n^^^^^^\n\nSyntaxError: Cannot use import statement outside a module\n    at Object.compileFunction (node:vm:352:18)\n    at wrapSafe (node:internal/modules/cjs/loader:1026:15)\n    at Module._compile (node:internal/modules/cjs/loader:1061:27)\n    at Object.Module._extensions..js (node:internal/modules/cjs/loader:1149:10)\n    at Module.load (node:internal/modules/cjs/loader:975:32)\n    at Function.Module._load (node:internal/modules/cjs/loader:822:12)\n    at Function.executeUserEntryPoint [as runMain] (node:internal/modules/run_main:77:12)\n    at node:internal/main/run_main_module:17:47\n\nNode.js v17.4.0\n\n","trace":"io.appium.java_client.service.local.AppiumServerHasNotBeenStartedLocallyException: The local appium server has not been started. The given Node.js executable: /usr/local/bin/node Arguments: [/Applications/AppiumServerGUI.app/Contents/Resources/app/node_modules/appium/lib/main.js, --port, 4727, --address, 0.0.0.0, --log, /Users/aswinikumar/Documents/adTechQA_AndroidAutomation/AppiumLog.txt] \nProcess output: /Applications/AppiumServerGUI.app/Contents/Resources/app/node_modules/appium/lib/main.js:4\nimport { init as logsinkInit, clear as logsinkClear } from './logsink';\n^^^^^^\n\nSyntaxError: Cannot use import statement outside a module\n    at Object.compileFunction (node:vm:352:18)\n    at wrapSafe (node:internal/modules/cjs/loader:1026:15)\n    at Module._compile (node:internal/modules/cjs/loader:1061:27)\n    at Object.Module._extensions..js (node:internal/modules/cjs/loader:1149:10)\n    at Module.load (node:internal/modules/cjs/loader:975:32)\n    at Function.Module._load (node:internal/modules/cjs/loader:822:12)\n    at Function.executeUserEntryPoint [as runMain] (node:internal/modules/run_main:77:12)\n    at node:internal/main/run_main_module:17:47\n\nNode.js v17.4.0\n\n\n\tat io.appium.java_client.service.local.AppiumDriverLocalService.start(AppiumDriverLocalService.java:155)\n\tat twc.Automation.HandleWithAppium.AppiumFunctions.startAppium(AppiumFunctions.java:149)\n\tat twc.Automation.HandleWithAppium.AppiumFunctions.LaunchAppWithFullReset(AppiumFunctions.java:466)\n\tat twc.Automation.ExecutableTestCases.smokeTestCases.beforeClass(smokeTestCases.java:84)\n\tat sun.reflect.NativeMethodAccessorImpl.invoke0(Native Method)\n\tat sun.reflect.NativeMethodAccessorImpl.invoke(NativeMethodAccessorImpl.java:62)\n\tat sun.reflect.DelegatingMethodAccessorImpl.invoke(DelegatingMethodAccessorImpl.java:43)\n\tat java.lang.reflect.Method.invoke(Method.java:498)\n\tat org.testng.internal.MethodInvocationHelper.invokeMethod(MethodInvocationHelper.java:85)\n\tat org.testng.internal.Invoker.invokeConfigurationMethod(Invoker.java:517)\n\tat org.testng.internal.Invoker.invokeConfigurations(Invoker.java:213)\n\tat org.testng.internal.Invoker.invokeConfigurations(Invoker.java:140)\n\tat org.testng.internal.TestMethodWorker.invokeBeforeClassMethods(TestMethodWorker.java:170)\n\tat org.testng.internal.TestMethodWorker.run(TestMethodWorker.java:104)\n\tat org.testng.TestRunner.privateRun(TestRunner.java:771)\n\tat org.testng.TestRunner.run(TestRunner.java:621)\n\tat org.testng.SuiteRunner.runTest(SuiteRunner.java:357)\n\tat org.testng.SuiteRunner.runSequentially(SuiteRunner.java:352)\n\tat org.testng.SuiteRunner.privateRun(SuiteRunner.java:310)\n\tat org.testng.SuiteRunner.run(SuiteRunner.java:259)\n\tat org.testng.SuiteRunnerWorker.runSuite(SuiteRunnerWorker.java:52)\n\tat org.testng.SuiteRunnerWorker.run(SuiteRunnerWorker.java:86)\n\tat org.testng.TestNG.runSuitesSequentially(TestNG.java:1199)\n\tat org.testng.TestNG.runSuitesLocally(TestNG.java:1124)\n\tat org.testng.TestNG.run(TestNG.java:1032)\n\tat org.testng.remote.AbstractRemoteTestNG.run(AbstractRemoteTestNG.java:115)\n\tat org.testng.remote.RemoteTestNG.initAndRun(RemoteTestNG.java:251)\n\tat org.testng.remote.RemoteTestNG.main(RemoteTestNG.java:77)\nCaused by: org.openqa.selenium.net.UrlChecker$TimeoutException: Timed out waiting for [http://0.0.0.0:4727/wd/hub/status] to be available after 120007 ms\n\tat org.openqa.selenium.net.UrlChecker.waitUntilAvailable(UrlChecker.java:107)\n\tat io.appium.java_client.service.local.AppiumDriverLocalService.ping(AppiumDriverLocalService.java:115)\n\tat io.appium.java_client.service.local.AppiumDriverLocalService.start(AppiumDriverLocalService.java:142)\n\t... 27 more\nCaused by: com.google.common.util.concurrent.UncheckedTimeoutException: java.util.concurrent.TimeoutException\n\tat com.google.common.util.concurrent.SimpleTimeLimiter.callWithTimeout(SimpleTimeLimiter.java:143)\n\tat org.openqa.selenium.net.UrlChecker.waitUntilAvailable(UrlChecker.java:80)\n\t... 29 more\nCaused by: java.util.concurrent.TimeoutException\n\tat java.util.concurrent.FutureTask.get(FutureTask.java:205)\n\tat com.google.common.util.concurrent.SimpleTimeLimiter.callWithTimeout(SimpleTimeLimiter.java:130)\n\t... 30 more\n"},"stage":"finished","steps":[],"attachments":[],"parameters":[],"start":1643615170790,"stop":1643615170791,"uuid":"496e7bbb-a445-42cd-90d7-ce77ec75e78e","historyId":"4225aeb06275011d495e63d5b93069bc","fullName":"twc.Automation.ExecutableTestCases.smokeTestCases.beforeClass","labels":[{"name":"package","value":"twc.Automation.ExecutableTestCases.smokeTestCases"},{"name":"testClass","value":"twc.Automation.ExecutableTestCases.smokeTestCases"},{"name":"testMethod","value":"beforeClass"},{"name":"parentSuite","value":"Default suite"},{"name":"suite","value":"Default test"},{"name":"subSuite","value":"twc.Automation.ExecutableTestCases.smokeTestCases"},{"name":"host","value":"AswinikumarsMBP.lan"},{"name":"thread","value":"16729@AswinikumarsMBP.lan.main(1)"},{"name":"framework","value":"testng"},{"name":"language","value":"java"}],"links":[]}