{"name":"beforeClass","status":"broken","statusDetails":{"known":false,"muted":false,"flaky":false,"message":"The local appium server has not been started. The given Node.js executable: /usr/local/bin/node Arguments: [/Applications/AppiumServerGUI.app/Contents/Resources/app/node_modules/appium/lib/appium.js, --port, 4727, --address, 0.0.0.0] \nProcess output: node:internal/errors:464\n    ErrorCaptureStackTrace(err);\n    ^\n\nError [ERR_MODULE_NOT_FOUND]: Cannot find module '/Applications/AppiumServerGUI.app/Contents/Resources/app/node_modules/appium/lib/logger' imported from /Applications/AppiumServerGUI.app/Contents/Resources/app/node_modules/appium/lib/appium.js\n    at new NodeError (node:internal/errors:371:5)\n    at finalizeResolution (node:internal/modules/esm/resolve:394:11)\n    at moduleResolve (node:internal/modules/esm/resolve:944:10)\n    at defaultResolve (node:internal/modules/esm/resolve:1041:11)\n    at ESMLoader.resolve (node:internal/modules/esm/loader:530:30)\n    at ESMLoader.getModuleJob (node:internal/modules/esm/loader:251:18)\n    at ModuleWrap.<anonymous> (node:internal/modules/esm/module_job:79:40)\n    at link (node:internal/modules/esm/module_job:78:36) {\n  code: 'ERR_MODULE_NOT_FOUND'\n}\n\nNode.js v17.4.0\n\n","trace":"io.appium.java_client.service.local.AppiumServerHasNotBeenStartedLocallyException: The local appium server has not been started. The given Node.js executable: /usr/local/bin/node Arguments: [/Applications/AppiumServerGUI.app/Contents/Resources/app/node_modules/appium/lib/appium.js, --port, 4727, --address, 0.0.0.0] \nProcess output: node:internal/errors:464\n    ErrorCaptureStackTrace(err);\n    ^\n\nError [ERR_MODULE_NOT_FOUND]: Cannot find module '/Applications/AppiumServerGUI.app/Contents/Resources/app/node_modules/appium/lib/logger' imported from /Applications/AppiumServerGUI.app/Contents/Resources/app/node_modules/appium/lib/appium.js\n    at new NodeError (node:internal/errors:371:5)\n    at finalizeResolution (node:internal/modules/esm/resolve:394:11)\n    at moduleResolve (node:internal/modules/esm/resolve:944:10)\n    at defaultResolve (node:internal/modules/esm/resolve:1041:11)\n    at ESMLoader.resolve (node:internal/modules/esm/loader:530:30)\n    at ESMLoader.getModuleJob (node:internal/modules/esm/loader:251:18)\n    at ModuleWrap.<anonymous> (node:internal/modules/esm/module_job:79:40)\n    at link (node:internal/modules/esm/module_job:78:36) {\n  code: 'ERR_MODULE_NOT_FOUND'\n}\n\nNode.js v17.4.0\n\n\n\tat io.appium.java_client.service.local.AppiumDriverLocalService.start(AppiumDriverLocalService.java:155)\n\tat twc.Automation.HandleWithAppium.AppiumFunctions.startAppium(AppiumFunctions.java:149)\n\tat twc.Automation.HandleWithAppium.AppiumFunctions.LaunchAppWithFullReset(AppiumFunctions.java:466)\n\tat twc.Automation.ExecutableTestCases.smokeTestCases.beforeClass(smokeTestCases.java:84)\n\tat sun.reflect.NativeMethodAccessorImpl.invoke0(Native Method)\n\tat sun.reflect.NativeMethodAccessorImpl.invoke(NativeMethodAccessorImpl.java:62)\n\tat sun.reflect.DelegatingMethodAccessorImpl.invoke(DelegatingMethodAccessorImpl.java:43)\n\tat java.lang.reflect.Method.invoke(Method.java:498)\n\tat org.testng.internal.MethodInvocationHelper.invokeMethod(MethodInvocationHelper.java:85)\n\tat org.testng.internal.Invoker.invokeConfigurationMethod(Invoker.java:517)\n\tat org.testng.internal.Invoker.invokeConfigurations(Invoker.java:213)\n\tat org.testng.internal.Invoker.invokeConfigurations(Invoker.java:140)\n\tat org.testng.internal.TestMethodWorker.invokeBeforeClassMethods(TestMethodWorker.java:170)\n\tat org.testng.internal.TestMethodWorker.run(TestMethodWorker.java:104)\n\tat org.testng.TestRunner.privateRun(TestRunner.java:771)\n\tat org.testng.TestRunner.run(TestRunner.java:621)\n\tat org.testng.SuiteRunner.runTest(SuiteRunner.java:357)\n\tat org.testng.SuiteRunner.runSequentially(SuiteRunner.java:352)\n\tat org.testng.SuiteRunner.privateRun(SuiteRunner.java:310)\n\tat org.testng.SuiteRunner.run(SuiteRunner.java:259)\n\tat org.testng.SuiteRunnerWorker.runSuite(SuiteRunnerWorker.java:52)\n\tat org.testng.SuiteRunnerWorker.run(SuiteRunnerWorker.java:86)\n\tat org.testng.TestNG.runSuitesSequentially(TestNG.java:1199)\n\tat org.testng.TestNG.runSuitesLocally(TestNG.java:1124)\n\tat org.testng.TestNG.run(TestNG.java:1032)\n\tat org.testng.remote.AbstractRemoteTestNG.run(AbstractRemoteTestNG.java:115)\n\tat org.testng.remote.RemoteTestNG.initAndRun(RemoteTestNG.java:251)\n\tat org.testng.remote.RemoteTestNG.main(RemoteTestNG.java:77)\nCaused by: org.openqa.selenium.net.UrlChecker$TimeoutException: Timed out waiting for [http://0.0.0.0:4727/wd/hub/status] to be available after 120006 ms\n\tat org.openqa.selenium.net.UrlChecker.waitUntilAvailable(UrlChecker.java:107)\n\tat io.appium.java_client.service.local.AppiumDriverLocalService.ping(AppiumDriverLocalService.java:115)\n\tat io.appium.java_client.service.local.AppiumDriverLocalService.start(AppiumDriverLocalService.java:142)\n\t... 27 more\nCaused by: com.google.common.util.concurrent.UncheckedTimeoutException: java.util.concurrent.TimeoutException\n\tat com.google.common.util.concurrent.SimpleTimeLimiter.callWithTimeout(SimpleTimeLimiter.java:143)\n\tat org.openqa.selenium.net.UrlChecker.waitUntilAvailable(UrlChecker.java:80)\n\t... 29 more\nCaused by: java.util.concurrent.TimeoutException\n\tat java.util.concurrent.FutureTask.get(FutureTask.java:205)\n\tat com.google.common.util.concurrent.SimpleTimeLimiter.callWithTimeout(SimpleTimeLimiter.java:130)\n\t... 30 more\n"},"stage":"finished","steps":[],"attachments":[],"parameters":[],"start":1643616194291,"stop":1643616194293,"uuid":"4cc6ad6a-d803-4476-b889-d9c3a4395703","historyId":"4225aeb06275011d495e63d5b93069bc","fullName":"twc.Automation.ExecutableTestCases.smokeTestCases.beforeClass","labels":[{"name":"package","value":"twc.Automation.ExecutableTestCases.smokeTestCases"},{"name":"testClass","value":"twc.Automation.ExecutableTestCases.smokeTestCases"},{"name":"testMethod","value":"beforeClass"},{"name":"parentSuite","value":"Default suite"},{"name":"suite","value":"Default test"},{"name":"subSuite","value":"twc.Automation.ExecutableTestCases.smokeTestCases"},{"name":"host","value":"AswinikumarsMBP.lan"},{"name":"thread","value":"17269@AswinikumarsMBP.lan.main(1)"},{"name":"framework","value":"testng"},{"name":"language","value":"java"}],"links":[]}